
================================================================================
🤖 自動監視・復旧システムを開始します
================================================================================
監視対象: 6個のプロセス


[2026-01-22T16:29:20.884Z] プロセス状態をチェック中...
  🔄 大阪府（駅・建物）: 実行中
  ✅ 滋賀県（駅・建物）: 完了済み
  ✅ 京都府（駅・建物）: 完了済み
  🔄 兵庫県（駅・建物）: 実行中
  🔄 大阪府（駅・土地）: 実行中
  ✅ 兵庫県（駅・土地）: 完了済み

⏳ 60秒後に再チェックします...

[2026-01-22T16:30:21.835Z] プロセス状態をチェック中...
  🔄 大阪府（駅・建物）: 実行中
  ✅ 滋賀県（駅・建物）: 完了済み
  ✅ 京都府（駅・建物）: 完了済み
  🔄 兵庫県（駅・建物）: 実行中
  🔄 大阪府（駅・土地）: 実行中
  ✅ 兵庫県（駅・土地）: 完了済み

⏳ 60秒後に再チェックします...

[2026-01-22T16:31:22.143Z] プロセス状態をチェック中...
  🔄 大阪府（駅・建物）: 実行中
  ✅ 滋賀県（駅・建物）: 完了済み
  ✅ 京都府（駅・建物）: 完了済み
  🔄 兵庫県（駅・建物）: 実行中
  🔄 大阪府（駅・土地）: 実行中
  ✅ 兵庫県（駅・土地）: 完了済み

⏳ 60秒後に再チェックします...

[2026-01-22T16:32:22.749Z] プロセス状態をチェック中...
  🔄 大阪府（駅・建物）: 実行中
  ✅ 滋賀県（駅・建物）: 完了済み
  ✅ 京都府（駅・建物）: 完了済み
  🔄 兵庫県（駅・建物）: 実行中
  🔄 大阪府（駅・土地）: 実行中
  ✅ 兵庫県（駅・土地）: 完了済み

⏳ 60秒後に再チェックします...

[2026-01-22T16:33:22.996Z] プロセス状態をチェック中...
  🔄 大阪府（駅・建物）: 実行中
  ✅ 滋賀県（駅・建物）: 完了済み
  ✅ 京都府（駅・建物）: 完了済み
  🔄 兵庫県（駅・建物）: 実行中
  🔄 大阪府（駅・土地）: 実行中
  ✅ 兵庫県（駅・土地）: 完了済み

⏳ 60秒後に再チェックします...

[2026-01-22T16:34:23.907Z] プロセス状態をチェック中...
  🔄 大阪府（駅・建物）: 実行中
  ✅ 滋賀県（駅・建物）: 完了済み
  ✅ 京都府（駅・建物）: 完了済み
  🔄 兵庫県（駅・建物）: 実行中
  🔄 大阪府（駅・土地）: 実行中
  ✅ 兵庫県（駅・土地）: 完了済み

⏳ 60秒後に再チェックします...

[2026-01-22T16:35:24.657Z] プロセス状態をチェック中...
  🔄 大阪府（駅・建物）: 実行中
  ✅ 滋賀県（駅・建物）: 完了済み
  ✅ 京都府（駅・建物）: 完了済み
  🔄 兵庫県（駅・建物）: 実行中
  🔄 大阪府（駅・土地）: 実行中
  ✅ 兵庫県（駅・土地）: 完了済み

⏳ 60秒後に再チェックします...

[2026-01-22T16:36:24.899Z] プロセス状態をチェック中...
  🔄 大阪府（駅・建物）: 実行中
  ✅ 滋賀県（駅・建物）: 完了済み
  ✅ 京都府（駅・建物）: 完了済み
  🔄 兵庫県（駅・建物）: 実行中
  🔄 大阪府（駅・土地）: 実行中
  ✅ 兵庫県（駅・土地）: 完了済み

⏳ 60秒後に再チェックします...

[2026-01-22T16:37:25.234Z] プロセス状態をチェック中...
  🔄 大阪府（駅・建物）: 実行中
  ✅ 滋賀県（駅・建物）: 完了済み
  ✅ 京都府（駅・建物）: 完了済み
  🔄 兵庫県（駅・建物）: 実行中
  🔄 大阪府（駅・土地）: 実行中
  ✅ 兵庫県（駅・土地）: 完了済み

⏳ 60秒後に再チェックします...

[2026-01-22T16:38:25.506Z] プロセス状態をチェック中...
  🔄 大阪府（駅・建物）: 実行中
  ✅ 滋賀県（駅・建物）: 完了済み
  ✅ 京都府（駅・建物）: 完了済み
  🔄 兵庫県（駅・建物）: 実行中
  🔄 大阪府（駅・土地）: 実行中
  ✅ 兵庫県（駅・土地）: 完了済み

⏳ 60秒後に再チェックします...

[2026-01-22T16:39:25.930Z] プロセス状態をチェック中...
  🔄 大阪府（駅・建物）: 実行中
  ✅ 滋賀県（駅・建物）: 完了済み
  ✅ 京都府（駅・建物）: 完了済み
  🔄 兵庫県（駅・建物）: 実行中
  🔄 大阪府（駅・土地）: 実行中
  ✅ 兵庫県（駅・土地）: 完了済み

⏳ 60秒後に再チェックします...

[2026-01-22T16:40:26.155Z] プロセス状態をチェック中...
  🔄 大阪府（駅・建物）: 実行中
  ✅ 滋賀県（駅・建物）: 完了済み
  ✅ 京都府（駅・建物）: 完了済み
  🔄 兵庫県（駅・建物）: 実行中
  🔄 大阪府（駅・土地）: 実行中
  ✅ 兵庫県（駅・土地）: 完了済み

⏳ 60秒後に再チェックします...

[2026-01-22T16:41:26.432Z] プロセス状態をチェック中...
  🔄 大阪府（駅・建物）: 実行中
  ✅ 滋賀県（駅・建物）: 完了済み
  ✅ 京都府（駅・建物）: 完了済み
  🔄 兵庫県（駅・建物）: 実行中
  🔄 大阪府（駅・土地）: 実行中
  ✅ 兵庫県（駅・土地）: 完了済み

⏳ 60秒後に再チェックします...

[2026-01-22T16:42:26.781Z] プロセス状態をチェック中...
  🔄 大阪府（駅・建物）: 実行中
  ✅ 滋賀県（駅・建物）: 完了済み
  ✅ 京都府（駅・建物）: 完了済み
  🔄 兵庫県（駅・建物）: 実行中
  🔄 大阪府（駅・土地）: 実行中
  ✅ 兵庫県（駅・土地）: 完了済み

⏳ 60秒後に再チェックします...

[2026-01-22T16:43:26.968Z] プロセス状態をチェック中...
  🔄 大阪府（駅・建物）: 実行中
  ✅ 滋賀県（駅・建物）: 完了済み
  ✅ 京都府（駅・建物）: 完了済み
  🔄 兵庫県（駅・建物）: 実行中
  🔄 大阪府（駅・土地）: 実行中
  ✅ 兵庫県（駅・土地）: 完了済み

⏳ 60秒後に再チェックします...

[2026-01-22T16:44:28.334Z] プロセス状態をチェック中...
  🔄 大阪府（駅・建物）: 実行中
  ✅ 滋賀県（駅・建物）: 完了済み
  ✅ 京都府（駅・建物）: 完了済み
  🔄 兵庫県（駅・建物）: 実行中
  🔄 大阪府（駅・土地）: 実行中
  ✅ 兵庫県（駅・土地）: 完了済み

⏳ 60秒後に再チェックします...

[2026-01-22T16:45:28.596Z] プロセス状態をチェック中...
  🔄 大阪府（駅・建物）: 実行中
  ✅ 滋賀県（駅・建物）: 完了済み
  ✅ 京都府（駅・建物）: 完了済み
  🔄 兵庫県（駅・建物）: 実行中
  🔄 大阪府（駅・土地）: 実行中
  ✅ 兵庫県（駅・土地）: 完了済み

⏳ 60秒後に再チェックします...

[2026-01-22T16:46:28.888Z] プロセス状態をチェック中...
  🔄 大阪府（駅・建物）: 実行中
  ✅ 滋賀県（駅・建物）: 完了済み
  ✅ 京都府（駅・建物）: 完了済み
  🔄 兵庫県（駅・建物）: 実行中
  🔄 大阪府（駅・土地）: 実行中
  ✅ 兵庫県（駅・土地）: 完了済み

⏳ 60秒後に再チェックします...

[2026-01-22T16:47:29.218Z] プロセス状態をチェック中...
  🔄 大阪府（駅・建物）: 実行中
  ✅ 滋賀県（駅・建物）: 完了済み
  ✅ 京都府（駅・建物）: 完了済み
  🔄 兵庫県（駅・建物）: 実行中
  🔄 大阪府（駅・土地）: 実行中
  ✅ 兵庫県（駅・土地）: 完了済み

⏳ 60秒後に再チェックします...

[2026-01-22T16:48:29.413Z] プロセス状態をチェック中...
  🔄 大阪府（駅・建物）: 実行中
  ✅ 滋賀県（駅・建物）: 完了済み
  ✅ 京都府（駅・建物）: 完了済み
  🔄 兵庫県（駅・建物）: 実行中
  🔄 大阪府（駅・土地）: 実行中
  ✅ 兵庫県（駅・土地）: 完了済み

⏳ 60秒後に再チェックします...

[2026-01-22T16:49:29.873Z] プロセス状態をチェック中...
  🔄 大阪府（駅・建物）: 実行中
  ✅ 滋賀県（駅・建物）: 完了済み
  ✅ 京都府（駅・建物）: 完了済み
  🔄 兵庫県（駅・建物）: 実行中
  🔄 大阪府（駅・土地）: 実行中
  ✅ 兵庫県（駅・土地）: 完了済み

⏳ 60秒後に再チェックします...

[2026-01-22T16:50:30.291Z] プロセス状態をチェック中...
  🔄 大阪府（駅・建物）: 実行中
  ✅ 滋賀県（駅・建物）: 完了済み
  ✅ 京都府（駅・建物）: 完了済み
  🔄 兵庫県（駅・建物）: 実行中
  🔄 大阪府（駅・土地）: 実行中
  ✅ 兵庫県（駅・土地）: 完了済み

⏳ 60秒後に再チェックします...

[2026-01-22T16:51:30.517Z] プロセス状態をチェック中...
  🔄 大阪府（駅・建物）: 実行中
  ✅ 滋賀県（駅・建物）: 完了済み
  ✅ 京都府（駅・建物）: 完了済み
  🔄 兵庫県（駅・建物）: 実行中
  🔄 大阪府（駅・土地）: 実行中
  ✅ 兵庫県（駅・土地）: 完了済み

⏳ 60秒後に再チェックします...

[2026-01-22T16:52:30.769Z] プロセス状態をチェック中...
  🔄 大阪府（駅・建物）: 実行中
  ✅ 滋賀県（駅・建物）: 完了済み
  ✅ 京都府（駅・建物）: 完了済み
  🔄 兵庫県（駅・建物）: 実行中
  🔄 大阪府（駅・土地）: 実行中
  ✅ 兵庫県（駅・土地）: 完了済み

⏳ 60秒後に再チェックします...

[2026-01-22T16:53:31.016Z] プロセス状態をチェック中...
  🔄 大阪府（駅・建物）: 実行中
  ✅ 滋賀県（駅・建物）: 完了済み
  ✅ 京都府（駅・建物）: 完了済み
  🔄 兵庫県（駅・建物）: 実行中
  🔄 大阪府（駅・土地）: 実行中
  ✅ 兵庫県（駅・土地）: 完了済み

⏳ 60秒後に再チェックします...

[2026-01-22T16:54:31.348Z] プロセス状態をチェック中...
  🔄 大阪府（駅・建物）: 実行中
  ✅ 滋賀県（駅・建物）: 完了済み
  ✅ 京都府（駅・建物）: 完了済み
  🔄 兵庫県（駅・建物）: 実行中
  🔄 大阪府（駅・土地）: 実行中
  ✅ 兵庫県（駅・土地）: 完了済み

⏳ 60秒後に再チェックします...

[2026-01-22T16:55:31.567Z] プロセス状態をチェック中...
  🔄 大阪府（駅・建物）: 実行中
  ✅ 滋賀県（駅・建物）: 完了済み
  ✅ 京都府（駅・建物）: 完了済み
  🔄 兵庫県（駅・建物）: 実行中
  🔄 大阪府（駅・土地）: 実行中
  ✅ 兵庫県（駅・土地）: 完了済み

⏳ 60秒後に再チェックします...

[2026-01-22T16:56:31.912Z] プロセス状態をチェック中...
  🔄 大阪府（駅・建物）: 実行中
  ✅ 滋賀県（駅・建物）: 完了済み
  ✅ 京都府（駅・建物）: 完了済み
  🔄 兵庫県（駅・建物）: 実行中
  🔄 大阪府（駅・土地）: 実行中
  ✅ 兵庫県（駅・土地）: 完了済み

⏳ 60秒後に再チェックします...

[2026-01-22T16:57:32.528Z] プロセス状態をチェック中...
  🔄 大阪府（駅・建物）: 実行中
  ✅ 滋賀県（駅・建物）: 完了済み
  ✅ 京都府（駅・建物）: 完了済み
  🔄 兵庫県（駅・建物）: 実行中
  🔄 大阪府（駅・土地）: 実行中
  ✅ 兵庫県（駅・土地）: 完了済み

⏳ 60秒後に再チェックします...

[2026-01-22T16:58:32.975Z] プロセス状態をチェック中...
  🔄 大阪府（駅・建物）: 実行中
  ✅ 滋賀県（駅・建物）: 完了済み
  ✅ 京都府（駅・建物）: 完了済み
  🔄 兵庫県（駅・建物）: 実行中
  🔄 大阪府（駅・土地）: 実行中
  ✅ 兵庫県（駅・土地）: 完了済み

⏳ 60秒後に再チェックします...

[2026-01-22T16:59:33.148Z] プロセス状態をチェック中...
  🔄 大阪府（駅・建物）: 実行中
  ✅ 滋賀県（駅・建物）: 完了済み
  ✅ 京都府（駅・建物）: 完了済み
  ✅ 兵庫県（駅・建物）: 完了済み
  🔄 大阪府（駅・土地）: 実行中
  ✅ 兵庫県（駅・土地）: 完了済み

⏳ 60秒後に再チェックします...

[2026-01-22T17:00:33.316Z] プロセス状態をチェック中...
  🔄 大阪府（駅・建物）: 実行中
  ✅ 滋賀県（駅・建物）: 完了済み
  ✅ 京都府（駅・建物）: 完了済み
  ✅ 兵庫県（駅・建物）: 完了済み
  🔄 大阪府（駅・土地）: 実行中
  ✅ 兵庫県（駅・土地）: 完了済み

⏳ 60秒後に再チェックします...

[2026-01-22T17:01:33.774Z] プロセス状態をチェック中...
  🔄 大阪府（駅・建物）: 実行中
  ✅ 滋賀県（駅・建物）: 完了済み
  ✅ 京都府（駅・建物）: 完了済み
  ✅ 兵庫県（駅・建物）: 完了済み
  🔄 大阪府（駅・土地）: 実行中
  ✅ 兵庫県（駅・土地）: 完了済み

⏳ 60秒後に再チェックします...

[2026-01-22T17:02:33.976Z] プロセス状態をチェック中...
  🔄 大阪府（駅・建物）: 実行中
  ✅ 滋賀県（駅・建物）: 完了済み
  ✅ 京都府（駅・建物）: 完了済み
  ✅ 兵庫県（駅・建物）: 完了済み
  🔄 大阪府（駅・土地）: 実行中
  ✅ 兵庫県（駅・土地）: 完了済み

⏳ 60秒後に再チェックします...

[2026-01-22T17:03:34.156Z] プロセス状態をチェック中...
  🔄 大阪府（駅・建物）: 実行中
  ✅ 滋賀県（駅・建物）: 完了済み
  ✅ 京都府（駅・建物）: 完了済み
  ✅ 兵庫県（駅・建物）: 完了済み
  🔄 大阪府（駅・土地）: 実行中
  ✅ 兵庫県（駅・土地）: 完了済み

⏳ 60秒後に再チェックします...

[2026-01-22T17:04:34.319Z] プロセス状態をチェック中...
  🔄 大阪府（駅・建物）: 実行中
  ✅ 滋賀県（駅・建物）: 完了済み
  ✅ 京都府（駅・建物）: 完了済み
  ✅ 兵庫県（駅・建物）: 完了済み
  🔄 大阪府（駅・土地）: 実行中
  ✅ 兵庫県（駅・土地）: 完了済み

⏳ 60秒後に再チェックします...

[2026-01-22T17:05:34.700Z] プロセス状態をチェック中...
  🔄 大阪府（駅・建物）: 実行中
  ✅ 滋賀県（駅・建物）: 完了済み
  ✅ 京都府（駅・建物）: 完了済み
  ✅ 兵庫県（駅・建物）: 完了済み
  🔄 大阪府（駅・土地）: 実行中
  ✅ 兵庫県（駅・土地）: 完了済み

⏳ 60秒後に再チェックします...

[2026-01-22T17:06:34.958Z] プロセス状態をチェック中...
  🔄 大阪府（駅・建物）: 実行中
  ✅ 滋賀県（駅・建物）: 完了済み
  ✅ 京都府（駅・建物）: 完了済み
  ✅ 兵庫県（駅・建物）: 完了済み
  🔄 大阪府（駅・土地）: 実行中
  ✅ 兵庫県（駅・土地）: 完了済み

⏳ 60秒後に再チェックします...

[2026-01-22T17:07:35.120Z] プロセス状態をチェック中...
  🔄 大阪府（駅・建物）: 実行中
  ✅ 滋賀県（駅・建物）: 完了済み
  ✅ 京都府（駅・建物）: 完了済み
  ✅ 兵庫県（駅・建物）: 完了済み
  🔄 大阪府（駅・土地）: 実行中
  ✅ 兵庫県（駅・土地）: 完了済み

⏳ 60秒後に再チェックします...

[2026-01-22T17:08:35.285Z] プロセス状態をチェック中...
  🔄 大阪府（駅・建物）: 実行中
  ✅ 滋賀県（駅・建物）: 完了済み
  ✅ 京都府（駅・建物）: 完了済み
  ✅ 兵庫県（駅・建物）: 完了済み
  🔄 大阪府（駅・土地）: 実行中
  ✅ 兵庫県（駅・土地）: 完了済み

⏳ 60秒後に再チェックします...

[2026-01-22T17:09:35.585Z] プロセス状態をチェック中...
  🔄 大阪府（駅・建物）: 実行中
  ✅ 滋賀県（駅・建物）: 完了済み
  ✅ 京都府（駅・建物）: 完了済み
  ✅ 兵庫県（駅・建物）: 完了済み
  🔄 大阪府（駅・土地）: 実行中
  ✅ 兵庫県（駅・土地）: 完了済み

⏳ 60秒後に再チェックします...

[2026-01-22T17:10:35.857Z] プロセス状態をチェック中...
  🔄 大阪府（駅・建物）: 実行中
  ✅ 滋賀県（駅・建物）: 完了済み
  ✅ 京都府（駅・建物）: 完了済み
  ✅ 兵庫県（駅・建物）: 完了済み
  🔄 大阪府（駅・土地）: 実行中
  ✅ 兵庫県（駅・土地）: 完了済み

⏳ 60秒後に再チェックします...

[2026-01-22T17:11:36.266Z] プロセス状態をチェック中...
  🔄 大阪府（駅・建物）: 実行中
  ✅ 滋賀県（駅・建物）: 完了済み
  ✅ 京都府（駅・建物）: 完了済み
  ✅ 兵庫県（駅・建物）: 完了済み
  🔄 大阪府（駅・土地）: 実行中
  ✅ 兵庫県（駅・土地）: 完了済み

⏳ 60秒後に再チェックします...

[2026-01-22T17:12:36.571Z] プロセス状態をチェック中...
  ✅ 大阪府（駅・建物）: 完了済み
  ✅ 滋賀県（駅・建物）: 完了済み
  ✅ 京都府（駅・建物）: 完了済み
  ✅ 兵庫県（駅・建物）: 完了済み
  🔄 大阪府（駅・土地）: 実行中
  ✅ 兵庫県（駅・土地）: 完了済み

⏳ 60秒後に再チェックします...

[2026-01-22T17:13:36.752Z] プロセス状態をチェック中...
  ✅ 大阪府（駅・建物）: 完了済み
  ✅ 滋賀県（駅・建物）: 完了済み
  ✅ 京都府（駅・建物）: 完了済み
  ✅ 兵庫県（駅・建物）: 完了済み
  🔄 大阪府（駅・土地）: 実行中
  ✅ 兵庫県（駅・土地）: 完了済み

⏳ 60秒後に再チェックします...

[2026-01-22T17:14:36.985Z] プロセス状態をチェック中...
  ✅ 大阪府（駅・建物）: 完了済み
  ✅ 滋賀県（駅・建物）: 完了済み
  ✅ 京都府（駅・建物）: 完了済み
  ✅ 兵庫県（駅・建物）: 完了済み
  🔄 大阪府（駅・土地）: 実行中
  ✅ 兵庫県（駅・土地）: 完了済み

⏳ 60秒後に再チェックします...

[2026-01-22T17:15:37.222Z] プロセス状態をチェック中...
  ✅ 大阪府（駅・建物）: 完了済み
  ✅ 滋賀県（駅・建物）: 完了済み
  ✅ 京都府（駅・建物）: 完了済み
  ✅ 兵庫県（駅・建物）: 完了済み
  🔄 大阪府（駅・土地）: 実行中
  ✅ 兵庫県（駅・土地）: 完了済み

⏳ 60秒後に再チェックします...

[2026-01-22T17:16:37.409Z] プロセス状態をチェック中...
  ✅ 大阪府（駅・建物）: 完了済み
  ✅ 滋賀県（駅・建物）: 完了済み
  ✅ 京都府（駅・建物）: 完了済み
  ✅ 兵庫県（駅・建物）: 完了済み
  🔄 大阪府（駅・土地）: 実行中
  ✅ 兵庫県（駅・土地）: 完了済み

⏳ 60秒後に再チェックします...

[2026-01-22T17:17:37.586Z] プロセス状態をチェック中...
  ✅ 大阪府（駅・建物）: 完了済み
  ✅ 滋賀県（駅・建物）: 完了済み
  ✅ 京都府（駅・建物）: 完了済み
  ✅ 兵庫県（駅・建物）: 完了済み
  🔄 大阪府（駅・土地）: 実行中
  ✅ 兵庫県（駅・土地）: 完了済み

⏳ 60秒後に再チェックします...

[2026-01-22T17:18:37.770Z] プロセス状態をチェック中...
  ✅ 大阪府（駅・建物）: 完了済み
  ✅ 滋賀県（駅・建物）: 完了済み
  ✅ 京都府（駅・建物）: 完了済み
  ✅ 兵庫県（駅・建物）: 完了済み
  🔄 大阪府（駅・土地）: 実行中
  ✅ 兵庫県（駅・土地）: 完了済み

⏳ 60秒後に再チェックします...

[2026-01-22T17:19:37.976Z] プロセス状態をチェック中...
  ✅ 大阪府（駅・建物）: 完了済み
  ✅ 滋賀県（駅・建物）: 完了済み
  ✅ 京都府（駅・建物）: 完了済み
  ✅ 兵庫県（駅・建物）: 完了済み
  🔄 大阪府（駅・土地）: 実行中
  ✅ 兵庫県（駅・土地）: 完了済み

⏳ 60秒後に再チェックします...

[2026-01-22T17:20:38.163Z] プロセス状態をチェック中...
  ✅ 大阪府（駅・建物）: 完了済み
  ✅ 滋賀県（駅・建物）: 完了済み
  ✅ 京都府（駅・建物）: 完了済み
  ✅ 兵庫県（駅・建物）: 完了済み
  🔄 大阪府（駅・土地）: 実行中
  ✅ 兵庫県（駅・土地）: 完了済み

⏳ 60秒後に再チェックします...

[2026-01-22T17:21:38.377Z] プロセス状態をチェック中...
  ✅ 大阪府（駅・建物）: 完了済み
  ✅ 滋賀県（駅・建物）: 完了済み
  ✅ 京都府（駅・建物）: 完了済み
  ✅ 兵庫県（駅・建物）: 完了済み
  🔄 大阪府（駅・土地）: 実行中
  ✅ 兵庫県（駅・土地）: 完了済み

⏳ 60秒後に再チェックします...

[2026-01-22T17:22:38.587Z] プロセス状態をチェック中...
  ✅ 大阪府（駅・建物）: 完了済み
  ✅ 滋賀県（駅・建物）: 完了済み
  ✅ 京都府（駅・建物）: 完了済み
  ✅ 兵庫県（駅・建物）: 完了済み
  🔄 大阪府（駅・土地）: 実行中
  ✅ 兵庫県（駅・土地）: 完了済み

⏳ 60秒後に再チェックします...

[2026-01-22T17:23:38.826Z] プロセス状態をチェック中...
  ✅ 大阪府（駅・建物）: 完了済み
  ✅ 滋賀県（駅・建物）: 完了済み
  ✅ 京都府（駅・建物）: 完了済み
  ✅ 兵庫県（駅・建物）: 完了済み
  🔄 大阪府（駅・土地）: 実行中
  ✅ 兵庫県（駅・土地）: 完了済み

⏳ 60秒後に再チェックします...

[2026-01-22T17:24:39.050Z] プロセス状態をチェック中...
  ✅ 大阪府（駅・建物）: 完了済み
  ✅ 滋賀県（駅・建物）: 完了済み
  ✅ 京都府（駅・建物）: 完了済み
  ✅ 兵庫県（駅・建物）: 完了済み
  🔄 大阪府（駅・土地）: 実行中
  ✅ 兵庫県（駅・土地）: 完了済み

⏳ 60秒後に再チェックします...

[2026-01-22T17:25:39.276Z] プロセス状態をチェック中...
  ✅ 大阪府（駅・建物）: 完了済み
  ✅ 滋賀県（駅・建物）: 完了済み
  ✅ 京都府（駅・建物）: 完了済み
  ✅ 兵庫県（駅・建物）: 完了済み
  🔄 大阪府（駅・土地）: 実行中
  ✅ 兵庫県（駅・土地）: 完了済み

⏳ 60秒後に再チェックします...

[2026-01-22T17:26:39.495Z] プロセス状態をチェック中...
  ✅ 大阪府（駅・建物）: 完了済み
  ✅ 滋賀県（駅・建物）: 完了済み
  ✅ 京都府（駅・建物）: 完了済み
  ✅ 兵庫県（駅・建物）: 完了済み
  ✅ 大阪府（駅・土地）: 完了済み
  ✅ 兵庫県（駅・土地）: 完了済み

================================================================================
🎉 全てのプロセスが完了しました！
🔄 エラー再生成を開始します...
================================================================================


================================================================================
🔄 エラーが発生したターゲットの再生成
================================================================================

⏳ 実行間隔: 10秒

📄 batch_station_osaka_house.log を解析中...
   ✅ エラーなし
📄 batch_station_shiga_house.log を解析中...
   ✅ エラーなし
📄 batch_station_kyoto_house.log を解析中...
   ✅ エラーなし
📄 batch_station_hyogo_house.log を解析中...
   ✅ エラーなし
📄 batch_station_osaka_land.log を解析中...
   ✅ エラーなし
📄 batch_station_hyogo_land.log を解析中...
   ✅ エラーなし
📄 batch_station_osaka.log を解析中...
   ✅ エラーなし
📄 batch_station_shiga.log を解析中...
   ✅ エラーなし
📄 batch_station_kyoto.log を解析中...
   ✅ エラーなし
📄 batch_station_hyogo.log を解析中...
   ✅ エラーなし
📄 logs/batch_land_大阪府.log を解析中...
   ✅ エラーなし
📄 logs/batch_land_奈良県.log を解析中...
   ✅ エラーなし
📄 logs/batch_land_京都府.log を解析中...
   ✅ エラーなし
📄 logs/batch_land_滋賀県.log を解析中...
   ✅ エラーなし
📄 logs/batch_land_兵庫県.log を解析中...
   ✅ エラーなし

📊 合計: 0件のエラーターゲットを検出

✅ エラーが発生したターゲットはありません


✅ エラー再生成完了 (終了コード: 0)
