━━━━━━━━━━━━━━━━━━━━━━━━━━━━
🚀 URICO 土地データ一括生成
━━━━━━━━━━━━━━━━━━━━━━━━━━━━
モード: 全て（エリア＋駅）
都道府県フィルター: 奈良県
強制再生成: OFF
実行間隔: 5秒
━━━━━━━━━━━━━━━━━━━━━━━━━━━━

[1/3] マスターデータ読み込み中...
✅ マスターデータ読み込み完了

[2/3] ターゲットリスト生成中...
✅ ターゲット数: 172件
   - エリア: 39件
   - 駅: 133件

[3/3] データ生成開始

━━━━━━━━━━━━━━━━━━━━━━━━━━━━


[░░░░░░░░░░░░░░░░░░░░░░░░░░░░░░░░░░░░░░░░] 0% (1/172)
🎯 [1/172] 奈良県 > 奈良市
⏭️  スキップ: 既に生成済み
⏳ 次のターゲットまで 5秒待機...

[░░░░░░░░░░░░░░░░░░░░░░░░░░░░░░░░░░░░░░░░] 1% (2/172)
🎯 [2/172] 奈良県 > 大和高田市
⏭️  スキップ: 既に生成済み
⏳ 次のターゲットまで 5秒待機...

[░░░░░░░░░░░░░░░░░░░░░░░░░░░░░░░░░░░░░░░░] 1% (3/172)
🎯 [3/172] 奈良県 > 大和郡山市
⏭️  スキップ: 既に生成済み
⏳ 次のターゲットまで 5秒待機...

[░░░░░░░░░░░░░░░░░░░░░░░░░░░░░░░░░░░░░░░░] 2% (4/172)
🎯 [4/172] 奈良県 > 天理市
⏭️  スキップ: 既に生成済み
⏳ 次のターゲットまで 5秒待機...

[█░░░░░░░░░░░░░░░░░░░░░░░░░░░░░░░░░░░░░░░] 2% (5/172)
🎯 [5/172] 奈良県 > 橿原市
⏭️  スキップ: 既に生成済み
⏳ 次のターゲットまで 5秒待機...

[█░░░░░░░░░░░░░░░░░░░░░░░░░░░░░░░░░░░░░░░] 3% (6/172)
🎯 [6/172] 奈良県 > 桜井市
⏭️  スキップ: 既に生成済み
⏳ 次のターゲットまで 5秒待機...

[█░░░░░░░░░░░░░░░░░░░░░░░░░░░░░░░░░░░░░░░] 4% (7/172)
🎯 [7/172] 奈良県 > 五條市
⏭️  スキップ: 既に生成済み
⏳ 次のターゲットまで 5秒待機...

[█░░░░░░░░░░░░░░░░░░░░░░░░░░░░░░░░░░░░░░░] 4% (8/172)
🎯 [8/172] 奈良県 > 御所市
⏭️  スキップ: 既に生成済み
⏳ 次のターゲットまで 5秒待機...

[██░░░░░░░░░░░░░░░░░░░░░░░░░░░░░░░░░░░░░░] 5% (9/172)
🎯 [9/172] 奈良県 > 生駒市
⏭️  スキップ: 既に生成済み
⏳ 次のターゲットまで 5秒待機...

[██░░░░░░░░░░░░░░░░░░░░░░░░░░░░░░░░░░░░░░] 5% (10/172)
🎯 [10/172] 奈良県 > 香芝市
⏭️  スキップ: 既に生成済み
⏳ 次のターゲットまで 5秒待機...

[██░░░░░░░░░░░░░░░░░░░░░░░░░░░░░░░░░░░░░░] 6% (11/172)
🎯 [11/172] 奈良県 > 葛城市
⏭️  スキップ: 既に生成済み
⏳ 次のターゲットまで 5秒待機...

[██░░░░░░░░░░░░░░░░░░░░░░░░░░░░░░░░░░░░░░] 6% (12/172)
🎯 [12/172] 奈良県 > 宇陀市
⏭️  スキップ: 既に生成済み
⏳ 次のターゲットまで 5秒待機...

[███░░░░░░░░░░░░░░░░░░░░░░░░░░░░░░░░░░░░░] 7% (13/172)
🎯 [13/172] 奈良県 > 山添村
⏭️  スキップ: 既に生成済み
⏳ 次のターゲットまで 5秒待機...

[███░░░░░░░░░░░░░░░░░░░░░░░░░░░░░░░░░░░░░] 8% (14/172)
🎯 [14/172] 奈良県 > 平群町
⏭️  スキップ: 既に生成済み
⏳ 次のターゲットまで 5秒待機...

[███░░░░░░░░░░░░░░░░░░░░░░░░░░░░░░░░░░░░░] 8% (15/172)
🎯 [15/172] 奈良県 > 三郷町
⏭️  スキップ: 既に生成済み
⏳ 次のターゲットまで 5秒待機...

[███░░░░░░░░░░░░░░░░░░░░░░░░░░░░░░░░░░░░░] 9% (16/172)
🎯 [16/172] 奈良県 > 斑鳩町
⏭️  スキップ: 既に生成済み
⏳ 次のターゲットまで 5秒待機...

[███░░░░░░░░░░░░░░░░░░░░░░░░░░░░░░░░░░░░░] 9% (17/172)
🎯 [17/172] 奈良県 > 安堵町
⏭️  スキップ: 既に生成済み
⏳ 次のターゲットまで 5秒待機...

[████░░░░░░░░░░░░░░░░░░░░░░░░░░░░░░░░░░░░] 10% (18/172)
🎯 [18/172] 奈良県 > 川西町
⏭️  スキップ: 既に生成済み
⏳ 次のターゲットまで 5秒待機...

[████░░░░░░░░░░░░░░░░░░░░░░░░░░░░░░░░░░░░] 11% (19/172)
🎯 [19/172] 奈良県 > 三宅町
⏭️  スキップ: 既に生成済み
⏳ 次のターゲットまで 5秒待機...

[████░░░░░░░░░░░░░░░░░░░░░░░░░░░░░░░░░░░░] 11% (20/172)
🎯 [20/172] 奈良県 > 田原本町
⏭️  スキップ: 既に生成済み
⏳ 次のターゲットまで 5秒待機...

[████░░░░░░░░░░░░░░░░░░░░░░░░░░░░░░░░░░░░] 12% (21/172)
🎯 [21/172] 奈良県 > 曽爾村
⏭️  スキップ: 既に生成済み
⏳ 次のターゲットまで 5秒待機...

[█████░░░░░░░░░░░░░░░░░░░░░░░░░░░░░░░░░░░] 12% (22/172)
🎯 [22/172] 奈良県 > 御杖村
⏭️  スキップ: 既に生成済み
⏳ 次のターゲットまで 5秒待機...

[█████░░░░░░░░░░░░░░░░░░░░░░░░░░░░░░░░░░░] 13% (23/172)
🎯 [23/172] 奈良県 > 高取町
⏭️  スキップ: 既に生成済み
⏳ 次のターゲットまで 5秒待機...

[█████░░░░░░░░░░░░░░░░░░░░░░░░░░░░░░░░░░░] 13% (24/172)
🎯 [24/172] 奈良県 > 明日香村
⏭️  スキップ: 既に生成済み
⏳ 次のターゲットまで 5秒待機...

[█████░░░░░░░░░░░░░░░░░░░░░░░░░░░░░░░░░░░] 14% (25/172)
🎯 [25/172] 奈良県 > 上牧町
⏭️  スキップ: 既に生成済み
⏳ 次のターゲットまで 5秒待機...

[██████░░░░░░░░░░░░░░░░░░░░░░░░░░░░░░░░░░] 15% (26/172)
🎯 [26/172] 奈良県 > 王寺町
⏭️  スキップ: 既に生成済み
⏳ 次のターゲットまで 5秒待機...

[██████░░░░░░░░░░░░░░░░░░░░░░░░░░░░░░░░░░] 15% (27/172)
🎯 [27/172] 奈良県 > 広陵町
⏭️  スキップ: 既に生成済み
⏳ 次のターゲットまで 5秒待機...

[██████░░░░░░░░░░░░░░░░░░░░░░░░░░░░░░░░░░] 16% (28/172)
🎯 [28/172] 奈良県 > 河合町
⏭️  スキップ: 既に生成済み
⏳ 次のターゲットまで 5秒待機...

[██████░░░░░░░░░░░░░░░░░░░░░░░░░░░░░░░░░░] 16% (29/172)
🎯 [29/172] 奈良県 > 吉野町
⏭️  スキップ: 既に生成済み
⏳ 次のターゲットまで 5秒待機...

[██████░░░░░░░░░░░░░░░░░░░░░░░░░░░░░░░░░░] 17% (30/172)
🎯 [30/172] 奈良県 > 大淀町
⏭️  スキップ: 既に生成済み
⏳ 次のターゲットまで 5秒待機...

[███████░░░░░░░░░░░░░░░░░░░░░░░░░░░░░░░░░] 18% (31/172)
🎯 [31/172] 奈良県 > 下市町
⏭️  スキップ: 既に生成済み
⏳ 次のターゲットまで 5秒待機...

[███████░░░░░░░░░░░░░░░░░░░░░░░░░░░░░░░░░] 18% (32/172)
🎯 [32/172] 奈良県 > 黒滝村
⏭️  スキップ: 既に生成済み
⏳ 次のターゲットまで 5秒待機...

[███████░░░░░░░░░░░░░░░░░░░░░░░░░░░░░░░░░] 19% (33/172)
🎯 [33/172] 奈良県 > 天川村
⏭️  スキップ: 既に生成済み
⏳ 次のターゲットまで 5秒待機...

[███████░░░░░░░░░░░░░░░░░░░░░░░░░░░░░░░░░] 19% (34/172)
🎯 [34/172] 奈良県 > 野迫川村
⏭️  スキップ: 既に生成済み
⏳ 次のターゲットまで 5秒待機...

[████████░░░░░░░░░░░░░░░░░░░░░░░░░░░░░░░░] 20% (35/172)
🎯 [35/172] 奈良県 > 十津川村
⏭️  スキップ: 既に生成済み
⏳ 次のターゲットまで 5秒待機...

[████████░░░░░░░░░░░░░░░░░░░░░░░░░░░░░░░░] 20% (36/172)
🎯 [36/172] 奈良県 > 下北山村
⏭️  スキップ: 既に生成済み
⏳ 次のターゲットまで 5秒待機...

[████████░░░░░░░░░░░░░░░░░░░░░░░░░░░░░░░░] 21% (37/172)
🎯 [37/172] 奈良県 > 上北山村
⏭️  スキップ: 既に生成済み
⏳ 次のターゲットまで 5秒待機...

[████████░░░░░░░░░░░░░░░░░░░░░░░░░░░░░░░░] 22% (38/172)
🎯 [38/172] 奈良県 > 川上村
⏭️  スキップ: 既に生成済み
⏳ 次のターゲットまで 5秒待機...

[█████████░░░░░░░░░░░░░░░░░░░░░░░░░░░░░░░] 22% (39/172)
🎯 [39/172] 奈良県 > 東吉野村
⏭️  スキップ: 既に生成済み
⏳ 次のターゲットまで 5秒待機...

[█████████░░░░░░░░░░░░░░░░░░░░░░░░░░░░░░░] 23% (40/172)
🎯 [40/172] JR西日本 > JR大和路線 > 奈良
⏭️  スキップ: 既に生成済み
⏳ 次のターゲットまで 5秒待機...

[█████████░░░░░░░░░░░░░░░░░░░░░░░░░░░░░░░] 23% (41/172)
🎯 [41/172] JR西日本 > JR大和路線 > 郡山
⏭️  スキップ: 既に生成済み
⏳ 次のターゲットまで 5秒待機...

[█████████░░░░░░░░░░░░░░░░░░░░░░░░░░░░░░░] 24% (42/172)
🎯 [42/172] JR西日本 > JR大和路線 > 大和小泉
⏭️  スキップ: 既に生成済み
⏳ 次のターゲットまで 5秒待機...

[██████████░░░░░░░░░░░░░░░░░░░░░░░░░░░░░░] 25% (43/172)
🎯 [43/172] JR西日本 > JR大和路線 > 法隆寺
⏭️  スキップ: 既に生成済み
⏳ 次のターゲットまで 5秒待機...

[██████████░░░░░░░░░░░░░░░░░░░░░░░░░░░░░░] 25% (44/172)
🎯 [44/172] JR西日本 > JR大和路線 > 王寺
⏭️  スキップ: 既に生成済み
⏳ 次のターゲットまで 5秒待機...

[██████████░░░░░░░░░░░░░░░░░░░░░░░░░░░░░░] 26% (45/172)
🎯 [45/172] JR西日本 > JR大和路線 > 三郷
⏭️  スキップ: 既に生成済み
⏳ 次のターゲットまで 5秒待機...

[██████████░░░░░░░░░░░░░░░░░░░░░░░░░░░░░░] 26% (46/172)
🎯 [46/172] JR西日本 > JR大和路線 > 河内堅上
⏭️  スキップ: 既に生成済み
⏳ 次のターゲットまで 5秒待機...

[██████████░░░░░░░░░░░░░░░░░░░░░░░░░░░░░░] 27% (47/172)
🎯 [47/172] JR西日本 > JR大和路線 > 高井田
⏭️  スキップ: 既に生成済み
⏳ 次のターゲットまで 5秒待機...

[███████████░░░░░░░░░░░░░░░░░░░░░░░░░░░░░] 27% (48/172)
🎯 [48/172] JR西日本 > JR大和路線 > 柏原
⏭️  スキップ: 既に生成済み
⏳ 次のターゲットまで 5秒待機...

[███████████░░░░░░░░░░░░░░░░░░░░░░░░░░░░░] 28% (49/172)
🎯 [49/172] JR西日本 > JR桜井線 > 奈良
⏭️  スキップ: 既に生成済み
⏳ 次のターゲットまで 5秒待機...

[███████████░░░░░░░░░░░░░░░░░░░░░░░░░░░░░] 29% (50/172)
🎯 [50/172] JR西日本 > JR桜井線 > 京終
⏭️  スキップ: 既に生成済み
⏳ 次のターゲットまで 5秒待機...

[███████████░░░░░░░░░░░░░░░░░░░░░░░░░░░░░] 29% (51/172)
🎯 [51/172] JR西日本 > JR桜井線 > 帯解
⏭️  スキップ: 既に生成済み
⏳ 次のターゲットまで 5秒待機...

[████████████░░░░░░░░░░░░░░░░░░░░░░░░░░░░] 30% (52/172)
🎯 [52/172] JR西日本 > JR桜井線 > 櫟本
⏭️  スキップ: 既に生成済み
⏳ 次のターゲットまで 5秒待機...

[████████████░░░░░░░░░░░░░░░░░░░░░░░░░░░░] 30% (53/172)
🎯 [53/172] JR西日本 > JR桜井線 > 天理
⏭️  スキップ: 既に生成済み
⏳ 次のターゲットまで 5秒待機...

[████████████░░░░░░░░░░░░░░░░░░░░░░░░░░░░] 31% (54/172)
🎯 [54/172] JR西日本 > JR桜井線 > 長柄
⏭️  スキップ: 既に生成済み
⏳ 次のターゲットまで 5秒待機...

[████████████░░░░░░░░░░░░░░░░░░░░░░░░░░░░] 31% (55/172)
🎯 [55/172] JR西日本 > JR桜井線 > 柳本
⏭️  スキップ: 既に生成済み
⏳ 次のターゲットまで 5秒待機...

[█████████████░░░░░░░░░░░░░░░░░░░░░░░░░░░] 32% (56/172)
🎯 [56/172] JR西日本 > JR桜井線 > 巻向
⏭️  スキップ: 既に生成済み
⏳ 次のターゲットまで 5秒待機...

[█████████████░░░░░░░░░░░░░░░░░░░░░░░░░░░] 33% (57/172)
🎯 [57/172] JR西日本 > JR桜井線 > 三輪
⏭️  スキップ: 既に生成済み
⏳ 次のターゲットまで 5秒待機...

[█████████████░░░░░░░░░░░░░░░░░░░░░░░░░░░] 33% (58/172)
🎯 [58/172] JR西日本 > JR桜井線 > 桜井
⏭️  スキップ: 既に生成済み
⏳ 次のターゲットまで 5秒待機...

[█████████████░░░░░░░░░░░░░░░░░░░░░░░░░░░] 34% (59/172)
🎯 [59/172] JR西日本 > JR桜井線 > 香久山
⏭️  スキップ: 既に生成済み
⏳ 次のターゲットまで 5秒待機...

[█████████████░░░░░░░░░░░░░░░░░░░░░░░░░░░] 34% (60/172)
🎯 [60/172] JR西日本 > JR桜井線 > 畝傍
⏭️  スキップ: 既に生成済み
⏳ 次のターゲットまで 5秒待機...

[██████████████░░░░░░░░░░░░░░░░░░░░░░░░░░] 35% (61/172)
🎯 [61/172] JR西日本 > JR桜井線 > 金橋
⏭️  スキップ: 既に生成済み
⏳ 次のターゲットまで 5秒待機...

[██████████████░░░░░░░░░░░░░░░░░░░░░░░░░░] 36% (62/172)
🎯 [62/172] JR西日本 > JR桜井線 > 高田
⏭️  スキップ: 既に生成済み
⏳ 次のターゲットまで 5秒待機...

[██████████████░░░░░░░░░░░░░░░░░░░░░░░░░░] 36% (63/172)
🎯 [63/172] JR西日本 > JR和歌山線 > 王寺
⏭️  スキップ: 既に生成済み
⏳ 次のターゲットまで 5秒待機...

[██████████████░░░░░░░░░░░░░░░░░░░░░░░░░░] 37% (64/172)
🎯 [64/172] JR西日本 > JR和歌山線 > 畠田
⏭️  スキップ: 既に生成済み
⏳ 次のターゲットまで 5秒待機...

[███████████████░░░░░░░░░░░░░░░░░░░░░░░░░] 37% (65/172)
🎯 [65/172] JR西日本 > JR和歌山線 > 志都美
⏭️  スキップ: 既に生成済み
⏳ 次のターゲットまで 5秒待機...

[███████████████░░░░░░░░░░░░░░░░░░░░░░░░░] 38% (66/172)
🎯 [66/172] JR西日本 > JR和歌山線 > 香芝
⏭️  スキップ: 既に生成済み
⏳ 次のターゲットまで 5秒待機...

[███████████████░░░░░░░░░░░░░░░░░░░░░░░░░] 38% (67/172)
🎯 [67/172] JR西日本 > JR和歌山線 > JR五位堂
⏭️  スキップ: 既に生成済み
⏳ 次のターゲットまで 5秒待機...

[███████████████░░░░░░░░░░░░░░░░░░░░░░░░░] 39% (68/172)
🎯 [68/172] JR西日本 > JR和歌山線 > 高田
⏭️  スキップ: 既に生成済み
⏳ 次のターゲットまで 5秒待機...

[████████████████░░░░░░░░░░░░░░░░░░░░░░░░] 40% (69/172)
🎯 [69/172] JR西日本 > JR和歌山線 > 大和新庄
⏭️  スキップ: 既に生成済み
⏳ 次のターゲットまで 5秒待機...

[████████████████░░░░░░░░░░░░░░░░░░░░░░░░] 40% (70/172)
🎯 [70/172] JR西日本 > JR和歌山線 > 御所
⏭️  スキップ: 既に生成済み
⏳ 次のターゲットまで 5秒待機...

[████████████████░░░░░░░░░░░░░░░░░░░░░░░░] 41% (71/172)
🎯 [71/172] JR西日本 > JR和歌山線 > 玉手
⏭️  スキップ: 既に生成済み
⏳ 次のターゲットまで 5秒待機...

[████████████████░░░░░░░░░░░░░░░░░░░░░░░░] 41% (72/172)
🎯 [72/172] JR西日本 > JR和歌山線 > 掖上
⏭️  スキップ: 既に生成済み
⏳ 次のターゲットまで 5秒待機...

[████████████████░░░░░░░░░░░░░░░░░░░░░░░░] 42% (73/172)
🎯 [73/172] JR西日本 > JR和歌山線 > 吉野口
⏭️  スキップ: 既に生成済み
⏳ 次のターゲットまで 5秒待機...

[█████████████████░░░░░░░░░░░░░░░░░░░░░░░] 43% (74/172)
🎯 [74/172] JR西日本 > JR和歌山線 > 北宇智
⏭️  スキップ: 既に生成済み
⏳ 次のターゲットまで 5秒待機...

[█████████████████░░░░░░░░░░░░░░░░░░░░░░░] 43% (75/172)
🎯 [75/172] JR西日本 > JR和歌山線 > 五条
⏭️  スキップ: 既に生成済み
⏳ 次のターゲットまで 5秒待機...

[█████████████████░░░░░░░░░░░░░░░░░░░░░░░] 44% (76/172)
🎯 [76/172] 近畿日本鉄道（近鉄） > 近鉄奈良線 > 生駒
⏭️  スキップ: 既に生成済み
⏳ 次のターゲットまで 5秒待機...

[█████████████████░░░░░░░░░░░░░░░░░░░░░░░] 44% (77/172)
🎯 [77/172] 近畿日本鉄道（近鉄） > 近鉄奈良線 > 東生駒
⏭️  スキップ: 既に生成済み
⏳ 次のターゲットまで 5秒待機...

[██████████████████░░░░░░░░░░░░░░░░░░░░░░] 45% (78/172)
🎯 [78/172] 近畿日本鉄道（近鉄） > 近鉄奈良線 > 富雄
⏭️  スキップ: 既に生成済み
⏳ 次のターゲットまで 5秒待機...

[██████████████████░░░░░░░░░░░░░░░░░░░░░░] 45% (79/172)
🎯 [79/172] 近畿日本鉄道（近鉄） > 近鉄奈良線 > 学園前
⏭️  スキップ: 既に生成済み
⏳ 次のターゲットまで 5秒待機...

[██████████████████░░░░░░░░░░░░░░░░░░░░░░] 46% (80/172)
🎯 [80/172] 近畿日本鉄道（近鉄） > 近鉄奈良線 > 菖蒲池
⏭️  スキップ: 既に生成済み
⏳ 次のターゲットまで 5秒待機...

[██████████████████░░░░░░░░░░░░░░░░░░░░░░] 47% (81/172)
🎯 [81/172] 近畿日本鉄道（近鉄） > 近鉄奈良線 > 大和西大寺
⏭️  スキップ: 既に生成済み
⏳ 次のターゲットまで 5秒待機...

[███████████████████░░░░░░░░░░░░░░░░░░░░░] 47% (82/172)
🎯 [82/172] 近畿日本鉄道（近鉄） > 近鉄奈良線 > 新大宮
⏭️  スキップ: 既に生成済み
⏳ 次のターゲットまで 5秒待機...

[███████████████████░░░░░░░░░░░░░░░░░░░░░] 48% (83/172)
🎯 [83/172] 近畿日本鉄道（近鉄） > 近鉄奈良線 > 近鉄奈良
⏭️  スキップ: 既に生成済み
⏳ 次のターゲットまで 5秒待機...

[███████████████████░░░░░░░░░░░░░░░░░░░░░] 48% (84/172)
🎯 [84/172] 近畿日本鉄道（近鉄） > 近鉄京都線 > 大和西大寺
⏭️  スキップ: 既に生成済み
⏳ 次のターゲットまで 5秒待機...

[███████████████████░░░░░░░░░░░░░░░░░░░░░] 49% (85/172)
🎯 [85/172] 近畿日本鉄道（近鉄） > 近鉄京都線 > 尼ヶ辻
⏭️  スキップ: 既に生成済み
⏳ 次のターゲットまで 5秒待機...

[████████████████████░░░░░░░░░░░░░░░░░░░░] 50% (86/172)
🎯 [86/172] 近畿日本鉄道（近鉄） > 近鉄京都線 > 西ノ京
⏭️  スキップ: 既に生成済み
⏳ 次のターゲットまで 5秒待機...

[████████████████████░░░░░░░░░░░░░░░░░░░░] 50% (87/172)
🎯 [87/172] 近畿日本鉄道（近鉄） > 近鉄京都線 > 九条
⏭️  スキップ: 既に生成済み
⏳ 次のターゲットまで 5秒待機...

[████████████████████░░░░░░░░░░░░░░░░░░░░] 51% (88/172)
🎯 [88/172] 近畿日本鉄道（近鉄） > 近鉄京都線 > 近鉄郡山
⏭️  スキップ: 既に生成済み
⏳ 次のターゲットまで 5秒待機...

[████████████████████░░░░░░░░░░░░░░░░░░░░] 51% (89/172)
🎯 [89/172] 近畿日本鉄道（近鉄） > 近鉄京都線 > 筒井
⏭️  スキップ: 既に生成済み
⏳ 次のターゲットまで 5秒待機...

[████████████████████░░░░░░░░░░░░░░░░░░░░] 52% (90/172)
🎯 [90/172] 近畿日本鉄道（近鉄） > 近鉄京都線 > 平端
⏭️  スキップ: 既に生成済み
⏳ 次のターゲットまで 5秒待機...

[█████████████████████░░░░░░░░░░░░░░░░░░░] 52% (91/172)
🎯 [91/172] 近畿日本鉄道（近鉄） > 近鉄京都線 > ファミリー公園前
⏭️  スキップ: 既に生成済み
⏳ 次のターゲットまで 5秒待機...

[█████████████████████░░░░░░░░░░░░░░░░░░░] 53% (92/172)
🎯 [92/172] 近畿日本鉄道（近鉄） > 近鉄京都線 > 結崎
⏭️  スキップ: 既に生成済み
⏳ 次のターゲットまで 5秒待機...

[█████████████████████░░░░░░░░░░░░░░░░░░░] 54% (93/172)
🎯 [93/172] 近畿日本鉄道（近鉄） > 近鉄京都線 > 石見
⏭️  スキップ: 既に生成済み
⏳ 次のターゲットまで 5秒待機...

[█████████████████████░░░░░░░░░░░░░░░░░░░] 54% (94/172)
🎯 [94/172] 近畿日本鉄道（近鉄） > 近鉄京都線 > 田原本
⏭️  スキップ: 既に生成済み
⏳ 次のターゲットまで 5秒待機...

[██████████████████████░░░░░░░░░░░░░░░░░░] 55% (95/172)
🎯 [95/172] 近畿日本鉄道（近鉄） > 近鉄京都線 > 笠縫
⏭️  スキップ: 既に生成済み
⏳ 次のターゲットまで 5秒待機...

[██████████████████████░░░░░░░░░░░░░░░░░░] 55% (96/172)
🎯 [96/172] 近畿日本鉄道（近鉄） > 近鉄京都線 > 新ノ口
⏭️  スキップ: 既に生成済み
⏳ 次のターゲットまで 5秒待機...

[██████████████████████░░░░░░░░░░░░░░░░░░] 56% (97/172)
🎯 [97/172] 近畿日本鉄道（近鉄） > 近鉄京都線 > 大和八木
⏭️  スキップ: 既に生成済み
⏳ 次のターゲットまで 5秒待機...

[██████████████████████░░░░░░░░░░░░░░░░░░] 56% (98/172)
🎯 [98/172] 近畿日本鉄道（近鉄） > 近鉄京都線 > 八木西口
⏭️  スキップ: 既に生成済み
⏳ 次のターゲットまで 5秒待機...

[███████████████████████░░░░░░░░░░░░░░░░░] 57% (99/172)
🎯 [99/172] 近畿日本鉄道（近鉄） > 近鉄京都線 > 橿原神宮前
⏭️  スキップ: 既に生成済み
⏳ 次のターゲットまで 5秒待機...

[███████████████████████░░░░░░░░░░░░░░░░░] 58% (100/172)
🎯 [100/172] 近畿日本鉄道（近鉄） > 近鉄橿原線 > 大和西大寺
⏭️  スキップ: 既に生成済み
⏳ 次のターゲットまで 5秒待機...

[███████████████████████░░░░░░░░░░░░░░░░░] 58% (101/172)
🎯 [101/172] 近畿日本鉄道（近鉄） > 近鉄橿原線 > 尼ヶ辻
⏭️  スキップ: 既に生成済み
⏳ 次のターゲットまで 5秒待機...

[███████████████████████░░░░░░░░░░░░░░░░░] 59% (102/172)
🎯 [102/172] 近畿日本鉄道（近鉄） > 近鉄橿原線 > 西ノ京
⏭️  スキップ: 既に生成済み
⏳ 次のターゲットまで 5秒待機...

[███████████████████████░░░░░░░░░░░░░░░░░] 59% (103/172)
🎯 [103/172] 近畿日本鉄道（近鉄） > 近鉄橿原線 > 九条
⏭️  スキップ: 既に生成済み
⏳ 次のターゲットまで 5秒待機...

[████████████████████████░░░░░░░░░░░░░░░░] 60% (104/172)
🎯 [104/172] 近畿日本鉄道（近鉄） > 近鉄橿原線 > 近鉄郡山
⏭️  スキップ: 既に生成済み
⏳ 次のターゲットまで 5秒待機...

[████████████████████████░░░░░░░░░░░░░░░░] 61% (105/172)
🎯 [105/172] 近畿日本鉄道（近鉄） > 近鉄橿原線 > 筒井
⏭️  スキップ: 既に生成済み
⏳ 次のターゲットまで 5秒待機...

[████████████████████████░░░░░░░░░░░░░░░░] 61% (106/172)
🎯 [106/172] 近畿日本鉄道（近鉄） > 近鉄橿原線 > 平端
⏭️  スキップ: 既に生成済み
⏳ 次のターゲットまで 5秒待機...

[████████████████████████░░░░░░░░░░░░░░░░] 62% (107/172)
🎯 [107/172] 近畿日本鉄道（近鉄） > 近鉄橿原線 > ファミリー公園前
⏭️  スキップ: 既に生成済み
⏳ 次のターゲットまで 5秒待機...

[█████████████████████████░░░░░░░░░░░░░░░] 62% (108/172)
🎯 [108/172] 近畿日本鉄道（近鉄） > 近鉄橿原線 > 結崎
⏭️  スキップ: 既に生成済み
⏳ 次のターゲットまで 5秒待機...

[█████████████████████████░░░░░░░░░░░░░░░] 63% (109/172)
🎯 [109/172] 近畿日本鉄道（近鉄） > 近鉄橿原線 > 石見
⏭️  スキップ: 既に生成済み
⏳ 次のターゲットまで 5秒待機...

[█████████████████████████░░░░░░░░░░░░░░░] 63% (110/172)
🎯 [110/172] 近畿日本鉄道（近鉄） > 近鉄橿原線 > 田原本
⏭️  スキップ: 既に生成済み
⏳ 次のターゲットまで 5秒待機...

[█████████████████████████░░░░░░░░░░░░░░░] 64% (111/172)
🎯 [111/172] 近畿日本鉄道（近鉄） > 近鉄橿原線 > 笠縫
⏭️  スキップ: 既に生成済み
⏳ 次のターゲットまで 5秒待機...

[██████████████████████████░░░░░░░░░░░░░░] 65% (112/172)
🎯 [112/172] 近畿日本鉄道（近鉄） > 近鉄橿原線 > 新ノ口
⏭️  スキップ: 既に生成済み
⏳ 次のターゲットまで 5秒待機...

[██████████████████████████░░░░░░░░░░░░░░] 65% (113/172)
🎯 [113/172] 近畿日本鉄道（近鉄） > 近鉄橿原線 > 大和八木
⏭️  スキップ: 既に生成済み
⏳ 次のターゲットまで 5秒待機...

[██████████████████████████░░░░░░░░░░░░░░] 66% (114/172)
🎯 [114/172] 近畿日本鉄道（近鉄） > 近鉄橿原線 > 八木西口
⏭️  スキップ: 既に生成済み
⏳ 次のターゲットまで 5秒待機...

[██████████████████████████░░░░░░░░░░░░░░] 66% (115/172)
🎯 [115/172] 近畿日本鉄道（近鉄） > 近鉄橿原線 > 橿原神宮前
⏭️  スキップ: 既に生成済み
⏳ 次のターゲットまで 5秒待機...

[██████████████████████████░░░░░░░░░░░░░░] 67% (116/172)
🎯 [116/172] 近畿日本鉄道（近鉄） > 近鉄大阪線 > 大和八木
⏭️  スキップ: 既に生成済み
⏳ 次のターゲットまで 5秒待機...

[███████████████████████████░░░░░░░░░░░░░] 68% (117/172)
🎯 [117/172] 近畿日本鉄道（近鉄） > 近鉄大阪線 > 耳成
⏭️  スキップ: 既に生成済み
⏳ 次のターゲットまで 5秒待機...

[███████████████████████████░░░░░░░░░░░░░] 68% (118/172)
🎯 [118/172] 近畿日本鉄道（近鉄） > 近鉄大阪線 > 大福
⏭️  スキップ: 既に生成済み
⏳ 次のターゲットまで 5秒待機...

[███████████████████████████░░░░░░░░░░░░░] 69% (119/172)
🎯 [119/172] 近畿日本鉄道（近鉄） > 近鉄大阪線 > 桜井
⏭️  スキップ: 既に生成済み
⏳ 次のターゲットまで 5秒待機...

[███████████████████████████░░░░░░░░░░░░░] 69% (120/172)
🎯 [120/172] 近畿日本鉄道（近鉄） > 近鉄大阪線 > 大和朝倉
⏭️  スキップ: 既に生成済み
⏳ 次のターゲットまで 5秒待機...

[████████████████████████████░░░░░░░░░░░░] 70% (121/172)
🎯 [121/172] 近畿日本鉄道（近鉄） > 近鉄大阪線 > 長谷寺
⏭️  スキップ: 既に生成済み
⏳ 次のターゲットまで 5秒待機...

[████████████████████████████░░░░░░░░░░░░] 70% (122/172)
🎯 [122/172] 近畿日本鉄道（近鉄） > 近鉄大阪線 > 榛原
⏭️  スキップ: 既に生成済み
⏳ 次のターゲットまで 5秒待機...

[████████████████████████████░░░░░░░░░░░░] 71% (123/172)
🎯 [123/172] 近畿日本鉄道（近鉄） > 近鉄大阪線 > 室生口大野
⏭️  スキップ: 既に生成済み
⏳ 次のターゲットまで 5秒待機...

[████████████████████████████░░░░░░░░░░░░] 72% (124/172)
🎯 [124/172] 近畿日本鉄道（近鉄） > 近鉄大阪線 > 三本松
⏭️  スキップ: 既に生成済み
⏳ 次のターゲットまで 5秒待機...

[█████████████████████████████░░░░░░░░░░░] 72% (125/172)
🎯 [125/172] 近畿日本鉄道（近鉄） > 近鉄南大阪線 > 橿原神宮前
⏭️  スキップ: 既に生成済み
⏳ 次のターゲットまで 5秒待機...

[█████████████████████████████░░░░░░░░░░░] 73% (126/172)
🎯 [126/172] 近畿日本鉄道（近鉄） > 近鉄南大阪線 > 橿原神宮西口
⏭️  スキップ: 既に生成済み
⏳ 次のターゲットまで 5秒待機...

[█████████████████████████████░░░░░░░░░░░] 73% (127/172)
🎯 [127/172] 近畿日本鉄道（近鉄） > 近鉄南大阪線 > 飛鳥
⏭️  スキップ: 既に生成済み
⏳ 次のターゲットまで 5秒待機...

[█████████████████████████████░░░░░░░░░░░] 74% (128/172)
🎯 [128/172] 近畿日本鉄道（近鉄） > 近鉄南大阪線 > 壺阪山
⏭️  スキップ: 既に生成済み
⏳ 次のターゲットまで 5秒待機...

[██████████████████████████████░░░░░░░░░░] 75% (129/172)
🎯 [129/172] 近畿日本鉄道（近鉄） > 近鉄南大阪線 > 市尾
⏭️  スキップ: 既に生成済み
⏳ 次のターゲットまで 5秒待機...

[██████████████████████████████░░░░░░░░░░] 75% (130/172)
🎯 [130/172] 近畿日本鉄道（近鉄） > 近鉄南大阪線 > 葛
⏭️  スキップ: 既に生成済み
⏳ 次のターゲットまで 5秒待機...

[██████████████████████████████░░░░░░░░░░] 76% (131/172)
🎯 [131/172] 近畿日本鉄道（近鉄） > 近鉄吉野線 > 橿原神宮前
⏭️  スキップ: 既に生成済み
⏳ 次のターゲットまで 5秒待機...

[██████████████████████████████░░░░░░░░░░] 76% (132/172)
🎯 [132/172] 近畿日本鉄道（近鉄） > 近鉄吉野線 > 岡寺
⏭️  スキップ: 既に生成済み
⏳ 次のターゲットまで 5秒待機...

[██████████████████████████████░░░░░░░░░░] 77% (133/172)
🎯 [133/172] 近畿日本鉄道（近鉄） > 近鉄吉野線 > 飛鳥
⏭️  スキップ: 既に生成済み
⏳ 次のターゲットまで 5秒待機...

[███████████████████████████████░░░░░░░░░] 77% (134/172)
🎯 [134/172] 近畿日本鉄道（近鉄） > 近鉄吉野線 > 壺阪山
⏭️  スキップ: 既に生成済み
⏳ 次のターゲットまで 5秒待機...

[███████████████████████████████░░░░░░░░░] 78% (135/172)
🎯 [135/172] 近畿日本鉄道（近鉄） > 近鉄吉野線 > 市尾
⏭️  スキップ: 既に生成済み
⏳ 次のターゲットまで 5秒待機...

[███████████████████████████████░░░░░░░░░] 79% (136/172)
🎯 [136/172] 近畿日本鉄道（近鉄） > 近鉄吉野線 > 葛
⏭️  スキップ: 既に生成済み
⏳ 次のターゲットまで 5秒待機...

[███████████████████████████████░░░░░░░░░] 79% (137/172)
🎯 [137/172] 近畿日本鉄道（近鉄） > 近鉄吉野線 > 吉野口
⏭️  スキップ: 既に生成済み
⏳ 次のターゲットまで 5秒待機...

[████████████████████████████████░░░░░░░░] 80% (138/172)
🎯 [138/172] 近畿日本鉄道（近鉄） > 近鉄吉野線 > 薬水
⏭️  スキップ: 既に生成済み
⏳ 次のターゲットまで 5秒待機...

[████████████████████████████████░░░░░░░░] 80% (139/172)
🎯 [139/172] 近畿日本鉄道（近鉄） > 近鉄吉野線 > 福神
⏭️  スキップ: 既に生成済み
⏳ 次のターゲットまで 5秒待機...

[████████████████████████████████░░░░░░░░] 81% (140/172)
🎯 [140/172] 近畿日本鉄道（近鉄） > 近鉄吉野線 > 大阿太
⏭️  スキップ: 既に生成済み
⏳ 次のターゲットまで 5秒待機...

[████████████████████████████████░░░░░░░░] 81% (141/172)
🎯 [141/172] 近畿日本鉄道（近鉄） > 近鉄吉野線 > 下市口
⏭️  スキップ: 既に生成済み
⏳ 次のターゲットまで 5秒待機...

[█████████████████████████████████░░░░░░░] 82% (142/172)
🎯 [142/172] 近畿日本鉄道（近鉄） > 近鉄吉野線 > 越部
⏭️  スキップ: 既に生成済み
⏳ 次のターゲットまで 5秒待機...

[█████████████████████████████████░░░░░░░] 83% (143/172)
🎯 [143/172] 近畿日本鉄道（近鉄） > 近鉄吉野線 > 六田
⏭️  スキップ: 既に生成済み
⏳ 次のターゲットまで 5秒待機...

[█████████████████████████████████░░░░░░░] 83% (144/172)
🎯 [144/172] 近畿日本鉄道（近鉄） > 近鉄吉野線 > 大和上市
⏭️  スキップ: 既に生成済み
⏳ 次のターゲットまで 5秒待機...

[█████████████████████████████████░░░░░░░] 84% (145/172)
🎯 [145/172] 近畿日本鉄道（近鉄） > 近鉄吉野線 > 吉野神宮
⏭️  スキップ: 既に生成済み
⏳ 次のターゲットまで 5秒待機...

[█████████████████████████████████░░░░░░░] 84% (146/172)
🎯 [146/172] 近畿日本鉄道（近鉄） > 近鉄吉野線 > 吉野
⏭️  スキップ: 既に生成済み
⏳ 次のターゲットまで 5秒待機...

[██████████████████████████████████░░░░░░] 85% (147/172)
🎯 [147/172] 近畿日本鉄道（近鉄） > 近鉄生駒線 > 生駒
⏭️  スキップ: 既に生成済み
⏳ 次のターゲットまで 5秒待機...

[██████████████████████████████████░░░░░░] 86% (148/172)
🎯 [148/172] 近畿日本鉄道（近鉄） > 近鉄生駒線 > 菜畑
⏭️  スキップ: 既に生成済み
⏳ 次のターゲットまで 5秒待機...

[██████████████████████████████████░░░░░░] 86% (149/172)
🎯 [149/172] 近畿日本鉄道（近鉄） > 近鉄生駒線 > 一分
⏭️  スキップ: 既に生成済み
⏳ 次のターゲットまで 5秒待機...

[██████████████████████████████████░░░░░░] 87% (150/172)
🎯 [150/172] 近畿日本鉄道（近鉄） > 近鉄生駒線 > 南生駒
⏭️  スキップ: 既に生成済み
⏳ 次のターゲットまで 5秒待機...

[███████████████████████████████████░░░░░] 87% (151/172)
🎯 [151/172] 近畿日本鉄道（近鉄） > 近鉄生駒線 > 萩の台
⏭️  スキップ: 既に生成済み
⏳ 次のターゲットまで 5秒待機...

[███████████████████████████████████░░░░░] 88% (152/172)
🎯 [152/172] 近畿日本鉄道（近鉄） > 近鉄生駒線 > 東山
⏭️  スキップ: 既に生成済み
⏳ 次のターゲットまで 5秒待機...

[███████████████████████████████████░░░░░] 88% (153/172)
🎯 [153/172] 近畿日本鉄道（近鉄） > 近鉄生駒線 > 元山上口
⏭️  スキップ: 既に生成済み
⏳ 次のターゲットまで 5秒待機...

[███████████████████████████████████░░░░░] 89% (154/172)
🎯 [154/172] 近畿日本鉄道（近鉄） > 近鉄生駒線 > 平群
⏭️  スキップ: 既に生成済み
⏳ 次のターゲットまで 5秒待機...

[████████████████████████████████████░░░░] 90% (155/172)
🎯 [155/172] 近畿日本鉄道（近鉄） > 近鉄生駒線 > 竜田川
⏭️  スキップ: 既に生成済み
⏳ 次のターゲットまで 5秒待機...

[████████████████████████████████████░░░░] 90% (156/172)
🎯 [156/172] 近畿日本鉄道（近鉄） > 近鉄生駒線 > 勢野北口
⏭️  スキップ: 既に生成済み
⏳ 次のターゲットまで 5秒待機...

[████████████████████████████████████░░░░] 91% (157/172)
🎯 [157/172] 近畿日本鉄道（近鉄） > 近鉄生駒線 > 信貴山下
⏭️  スキップ: 既に生成済み
⏳ 次のターゲットまで 5秒待機...

[████████████████████████████████████░░░░] 91% (158/172)
🎯 [158/172] 近畿日本鉄道（近鉄） > 近鉄生駒線 > 王寺
⏭️  スキップ: 既に生成済み
⏳ 次のターゲットまで 5秒待機...

[████████████████████████████████████░░░░] 92% (159/172)
🎯 [159/172] 近畿日本鉄道（近鉄） > 近鉄田原本線 > 新王寺
⏭️  スキップ: 既に生成済み
⏳ 次のターゲットまで 5秒待機...

[█████████████████████████████████████░░░] 93% (160/172)
🎯 [160/172] 近畿日本鉄道（近鉄） > 近鉄田原本線 > 大輪田
⏭️  スキップ: 既に生成済み
⏳ 次のターゲットまで 5秒待機...

[█████████████████████████████████████░░░] 93% (161/172)
🎯 [161/172] 近畿日本鉄道（近鉄） > 近鉄田原本線 > 佐味田川
⏭️  スキップ: 既に生成済み
⏳ 次のターゲットまで 5秒待機...

[█████████████████████████████████████░░░] 94% (162/172)
🎯 [162/172] 近畿日本鉄道（近鉄） > 近鉄田原本線 > 池部
⏭️  スキップ: 既に生成済み
⏳ 次のターゲットまで 5秒待機...

[█████████████████████████████████████░░░] 94% (163/172)
🎯 [163/172] 近畿日本鉄道（近鉄） > 近鉄田原本線 > 箸尾
⏭️  スキップ: 既に生成済み
⏳ 次のターゲットまで 5秒待機...

[██████████████████████████████████████░░] 95% (164/172)
🎯 [164/172] 近畿日本鉄道（近鉄） > 近鉄田原本線 > 但馬
⏭️  スキップ: 既に生成済み
⏳ 次のターゲットまで 5秒待機...

[██████████████████████████████████████░░] 95% (165/172)
🎯 [165/172] 近畿日本鉄道（近鉄） > 近鉄田原本線 > 黒田
⏭️  スキップ: 既に生成済み
⏳ 次のターゲットまで 5秒待機...

[██████████████████████████████████████░░] 96% (166/172)
🎯 [166/172] 近畿日本鉄道（近鉄） > 近鉄田原本線 > 西田原本
⏭️  スキップ: 既に生成済み
⏳ 次のターゲットまで 5秒待機...

[██████████████████████████████████████░░] 97% (167/172)
🎯 [167/172] 近畿日本鉄道（近鉄） > 近鉄天理線 > 平端
⏭️  スキップ: 既に生成済み
⏳ 次のターゲットまで 5秒待機...

[███████████████████████████████████████░] 97% (168/172)
🎯 [168/172] 近畿日本鉄道（近鉄） > 近鉄天理線 > 二階堂
⏭️  スキップ: 既に生成済み
⏳ 次のターゲットまで 5秒待機...

[███████████████████████████████████████░] 98% (169/172)
🎯 [169/172] 近畿日本鉄道（近鉄） > 近鉄天理線 > 前栽
⏭️  スキップ: 既に生成済み
⏳ 次のターゲットまで 5秒待機...

[███████████████████████████████████████░] 98% (170/172)
🎯 [170/172] 近畿日本鉄道（近鉄） > 近鉄天理線 > 天理
⏭️  スキップ: 既に生成済み
⏳ 次のターゲットまで 5秒待機...

[███████████████████████████████████████░] 99% (171/172)
🎯 [171/172] 近畿日本鉄道（近鉄） > 近鉄けいはんな線 > 学研北生駒
⏭️  スキップ: 既に生成済み
⏳ 次のターゲットまで 5秒待機...

[████████████████████████████████████████] 100% (172/172)
🎯 [172/172] 近畿日本鉄道（近鉄） > 近鉄けいはんな線 > 学研奈良登美ヶ丘
⏭️  スキップ: 既に生成済み

━━━━━━━━━━━━━━━━━━━━━━━━━━━━
📊 生成結果サマリー
━━━━━━━━━━━━━━━━━━━━━━━━━━━━
✅ 成功: 0件
⏭️  スキップ: 172件
❌ エラー: 0件
📝 合計: 172件
⏱️  所要時間: 0時間14分15秒
━━━━━━━━━━━━━━━━━━━━━━━━━━━━

🎉 一括生成完了！
